SF:lib\Usuarios\Logica\asistencias.dart
DA:73,1
DA:82,1
DA:83,1
DA:84,1
DA:86,2
DA:87,1
DA:89,1
DA:95,2
DA:96,2
DA:104,1
DA:105,1
DA:106,1
DA:109,2
DA:110,2
DA:111,2
DA:114,1
DA:115,1
DA:119,1
DA:120,1
DA:123,3
DA:124,3
DA:125,3
DA:126,3
DA:127,3
DA:128,3
DA:131,1
DA:134,2
DA:135,1
DA:144,1
DA:145,1
DA:147,1
DA:148,1
DA:149,2
DA:150,1
DA:151,1
DA:152,2
DA:153,2
DA:154,1
DA:155,1
DA:158,2
DA:159,3
DA:160,1
DA:162,2
DA:164,1
DA:165,1
DA:167,1
DA:170,1
DA:172,2
DA:174,1
DA:179,1
DA:180,2
DA:181,2
DA:182,1
DA:186,1
DA:189,1
DA:193,2
DA:194,1
DA:197,3
DA:198,3
DA:199,1
DA:200,1
DA:202,3
DA:204,1
DA:205,1
DA:206,1
DA:207,1
DA:208,1
DA:209,2
DA:210,2
DA:215,0
DA:220,1
DA:222,1
DA:224,2
DA:225,1
DA:227,1
DA:229,5
DA:232,2
DA:233,1
DA:234,1
DA:235,2
DA:236,2
DA:237,2
DA:239,1
DA:242,2
DA:244,3
DA:246,1
DA:247,1
DA:248,1
DA:249,1
DA:250,1
DA:251,2
DA:252,1
DA:259,2
DA:260,1
DA:261,1
DA:262,1
DA:263,1
DA:264,1
DA:265,1
DA:266,1
DA:267,1
DA:268,1
DA:271,1
DA:272,3
DA:273,2
DA:274,2
DA:276,1
DA:284,1
DA:285,1
DA:286,1
DA:288,2
DA:290,1
DA:291,1
DA:294,2
DA:295,4
DA:298,2
DA:300,2
DA:301,2
DA:302,2
DA:305,2
DA:311,1
DA:318,2
DA:323,2
DA:324,2
DA:325,2
DA:327,1
DA:330,3
DA:333,1
DA:334,1
DA:335,1
DA:336,2
DA:337,2
DA:338,2
DA:340,1
DA:342,1
DA:343,1
DA:344,1
DA:347,1
DA:348,1
DA:349,1
DA:350,2
DA:351,2
DA:352,1
DA:353,1
DA:360,3
DA:362,2
DA:364,3
DA:366,3
DA:368,3
DA:370,4
DA:372,1
DA:373,7
DA:375,1
DA:376,5
DA:378,5
DA:380,1
DA:381,6
DA:383,1
DA:384,1
DA:386,2
DA:387,2
DA:388,5
DA:390,1
DA:391,1
DA:392,3
DA:393,3
DA:396,1
DA:397,5
DA:399,1
DA:401,3
DA:402,1
DA:403,1
DA:404,1
DA:405,1
DA:406,1
DA:407,1
DA:408,1
LF:177
LH:176
end_of_record
SF:lib\Usuarios\Logica\asistente_qr.dart
DA:32,1
DA:38,0
DA:39,0
DA:40,0
DA:41,0
DA:43,0
DA:47,1
DA:48,1
DA:49,1
DA:52,2
DA:53,2
DA:55,1
DA:56,1
DA:57,1
DA:61,1
DA:62,1
DA:63,1
DA:65,3
DA:66,2
DA:68,3
DA:69,3
DA:71,3
DA:72,5
DA:73,3
DA:74,3
DA:75,5
DA:76,3
DA:79,1
DA:80,2
DA:81,2
DA:82,2
DA:83,2
DA:84,2
DA:86,2
DA:88,1
DA:94,1
DA:95,1
DA:96,2
DA:97,1
DA:100,2
DA:101,2
DA:103,2
DA:105,1
DA:111,1
DA:112,1
DA:113,1
DA:114,2
DA:117,1
DA:118,1
DA:119,1
DA:120,2
DA:127,1
DA:128,3
DA:129,3
DA:131,3
DA:132,3
DA:139,1
DA:140,2
DA:142,2
DA:144,2
DA:149,1
DA:150,2
DA:151,1
DA:152,1
DA:153,1
DA:154,2
DA:159,1
DA:160,1
DA:161,2
DA:165,1
DA:167,3
DA:168,1
DA:172,1
DA:174,3
DA:175,1
DA:176,3
DA:177,1
DA:181,1
DA:184,3
DA:185,1
LF:80
LH:75
end_of_record
SF:lib\Usuarios\Logica\estudiante.dart
DA:25,1
DA:30,0
DA:32,0
DA:34,0
DA:38,1
DA:39,1
DA:40,1
DA:43,2
DA:44,2
DA:47,1
DA:48,3
DA:49,1
DA:53,3
DA:54,3
DA:55,3
DA:57,1
DA:58,2
DA:60,2
DA:62,2
DA:64,1
DA:65,3
DA:67,1
DA:68,3
DA:70,1
DA:71,3
DA:79,1
DA:80,1
DA:81,2
DA:82,2
DA:86,1
DA:87,2
DA:88,2
DA:89,2
DA:91,3
DA:93,2
DA:95,1
DA:101,1
DA:102,3
DA:104,3
DA:108,1
DA:109,3
DA:110,3
DA:111,3
DA:112,3
DA:115,1
DA:116,2
DA:117,1
DA:118,1
DA:119,2
DA:120,3
DA:124,1
DA:126,3
DA:127,1
DA:130,1
DA:131,2
DA:133,2
LF:56
LH:53
end_of_record
SF:lib\Usuarios\Logica\escanear_qr.dart
DA:18,1
DA:36,1
DA:50,1
DA:97,1
DA:133,1
DA:134,2
DA:135,2
DA:136,2
DA:138,1
DA:139,1
DA:140,3
DA:141,1
DA:144,3
DA:145,3
DA:146,3
DA:154,1
DA:164,2
DA:165,2
DA:166,1
DA:171,1
DA:172,3
DA:175,1
DA:176,2
DA:177,2
DA:178,1
DA:179,1
DA:180,1
DA:183,1
DA:184,3
DA:187,1
DA:188,2
DA:189,1
DA:190,2
DA:191,2
DA:194,1
DA:195,2
DA:196,2
DA:197,1
DA:198,1
DA:199,1
DA:200,1
DA:201,1
DA:202,1
DA:209,1
DA:210,1
DA:211,1
DA:212,2
DA:214,1
DA:216,2
DA:218,1
DA:225,1
DA:226,1
DA:227,3
DA:228,2
DA:229,1
DA:232,3
DA:239,1
DA:243,2
DA:244,5
DA:245,1
DA:247,1
DA:254,1
DA:255,2
DA:264,1
DA:265,1
DA:266,2
DA:267,1
DA:269,1
DA:271,1
DA:277,1
DA:278,3
DA:279,3
DA:280,2
DA:281,2
DA:283,2
DA:284,1
DA:286,1
DA:288,1
DA:289,1
DA:291,2
DA:292,2
DA:302,1
DA:303,2
DA:308,1
DA:311,2
DA:312,1
DA:313,1
DA:318,1
DA:320,1
DA:322,1
DA:326,1
DA:327,2
DA:333,2
DA:334,1
DA:340,3
DA:342,1
DA:348,1
DA:349,1
DA:350,1
DA:352,1
DA:358,1
DA:361,2
DA:362,1
DA:365,1
DA:367,1
DA:371,1
DA:373,1
DA:376,1
DA:377,1
DA:382,3
DA:383,3
DA:384,1
DA:386,2
DA:387,1
DA:388,2
DA:390,2
DA:391,1
DA:392,1
DA:394,1
DA:395,1
DA:397,1
DA:398,1
DA:403,1
DA:405,1
DA:406,1
DA:408,2
DA:410,3
DA:411,2
DA:413,3
DA:419,1
DA:422,1
DA:423,1
DA:424,2
DA:425,2
DA:426,2
DA:427,2
DA:428,2
DA:429,1
DA:430,2
DA:431,2
DA:432,1
DA:436,1
DA:439,1
DA:440,1
DA:442,2
DA:445,1
DA:446,1
DA:448,1
DA:456,1
DA:461,1
DA:463,1
DA:467,1
DA:470,1
DA:473,1
DA:474,1
DA:475,2
DA:476,4
DA:478,2
DA:480,1
DA:481,1
DA:483,1
DA:484,1
DA:485,1
DA:489,3
DA:493,1
DA:494,2
DA:495,2
DA:496,2
DA:497,2
DA:498,2
DA:499,1
DA:500,2
DA:501,2
DA:502,1
DA:503,1
DA:504,1
DA:505,1
DA:508,1
DA:511,1
DA:512,2
DA:513,2
DA:517,1
DA:519,1
DA:521,1
DA:525,1
DA:526,1
DA:527,1
LF:187
LH:187
end_of_record
SF:lib\prefs_helper.dart
DA:40,0
DA:42,0
DA:49,0
DA:52,0
DA:54,0
DA:55,0
DA:58,0
DA:63,0
DA:64,0
DA:65,0
DA:66,0
DA:67,0
DA:68,0
DA:70,0
DA:72,0
DA:73,0
DA:74,0
DA:77,0
DA:80,0
DA:84,0
DA:85,0
DA:91,0
DA:95,0
DA:102,0
DA:103,0
DA:104,0
DA:105,0
DA:106,0
DA:107,0
DA:108,0
DA:110,0
DA:111,0
DA:112,0
DA:113,0
DA:114,0
DA:115,0
DA:116,0
DA:117,0
DA:120,0
DA:125,0
DA:126,0
DA:128,0
DA:129,0
DA:130,0
DA:131,0
DA:132,0
DA:133,0
DA:135,0
DA:136,0
DA:140,0
DA:141,0
DA:142,0
DA:143,0
DA:144,0
DA:145,0
DA:148,0
DA:156,0
DA:157,0
DA:158,0
DA:159,0
DA:164,0
DA:165,0
DA:166,0
DA:168,0
DA:169,0
DA:170,0
DA:172,0
DA:175,0
DA:180,0
DA:181,0
DA:182,0
DA:184,0
DA:187,0
DA:189,0
DA:190,0
DA:191,0
DA:192,0
DA:193,0
DA:194,0
DA:196,0
DA:200,0
DA:202,0
DA:203,0
DA:205,0
DA:206,0
DA:207,0
DA:208,0
DA:211,0
DA:212,0
DA:213,0
DA:214,0
DA:215,0
DA:216,0
DA:222,0
DA:223,0
DA:224,0
DA:225,0
DA:227,0
DA:230,0
DA:232,0
DA:234,0
DA:238,0
DA:240,0
DA:243,0
DA:247,0
DA:248,0
DA:249,0
DA:254,0
DA:255,0
DA:257,0
DA:260,0
DA:263,0
DA:270,0
DA:275,0
DA:285,0
DA:286,0
DA:287,0
DA:288,0
DA:289,0
DA:290,0
DA:291,0
DA:292,0
DA:293,0
DA:294,0
DA:295,0
DA:296,0
DA:299,0
DA:300,0
DA:301,0
DA:304,0
DA:305,0
DA:306,0
DA:309,0
DA:310,0
DA:311,0
DA:314,0
DA:315,0
DA:316,0
DA:319,0
DA:320,0
DA:321,0
DA:324,0
DA:325,0
DA:326,0
DA:327,0
DA:328,0
DA:331,0
DA:332,0
DA:333,0
DA:336,0
DA:337,0
DA:340,0
DA:341,0
DA:342,0
DA:343,0
DA:344,0
DA:345,0
DA:346,0
DA:347,0
DA:348,0
DA:352,0
DA:353,0
DA:354,0
DA:357,0
DA:362,0
DA:363,0
DA:364,0
DA:365,0
DA:366,0
DA:369,0
DA:370,0
DA:371,0
DA:374,0
DA:375,0
DA:376,0
DA:379,0
DA:380,0
DA:381,0
DA:384,0
DA:385,0
DA:386,0
DA:389,0
DA:394,0
DA:395,0
DA:397,0
DA:398,0
DA:399,0
DA:400,0
DA:401,0
DA:402,0
DA:406,0
DA:407,0
DA:408,0
DA:413,0
DA:415,0
DA:416,0
DA:418,0
DA:424,0
DA:425,0
DA:428,0
DA:429,0
DA:430,0
DA:432,0
DA:434,0
DA:435,0
DA:437,0
DA:443,0
DA:444,0
DA:447,0
DA:455,0
DA:456,0
DA:458,0
DA:459,0
DA:460,0
DA:461,0
DA:462,0
DA:463,0
DA:467,0
DA:468,0
DA:469,0
DA:474,0
DA:476,0
DA:477,0
DA:479,0
DA:485,0
DA:486,0
DA:489,0
DA:490,0
DA:491,0
DA:493,0
DA:495,0
DA:496,0
DA:498,0
DA:504,0
DA:505,0
DA:508,0
DA:514,0
DA:517,0
DA:522,0
DA:523,0
DA:525,0
DA:526,0
DA:527,0
DA:528,0
DA:529,0
DA:530,0
DA:533,0
DA:536,0
DA:538,0
DA:539,0
DA:541,0
DA:542,0
DA:543,0
DA:544,0
DA:545,0
DA:547,0
DA:548,0
DA:549,0
DA:550,0
DA:552,0
DA:554,0
DA:555,0
DA:556,0
DA:557,0
DA:558,0
DA:559,0
DA:561,0
DA:562,0
DA:563,0
DA:564,0
DA:565,0
DA:566,0
DA:568,0
DA:569,0
DA:572,0
DA:573,0
DA:575,0
DA:576,0
DA:578,0
DA:580,0
DA:581,0
DA:584,0
DA:585,0
DA:589,0
DA:594,0
DA:595,0
DA:597,0
DA:602,0
DA:607,0
DA:609,0
DA:610,0
DA:612,0
DA:613,0
DA:614,0
DA:619,0
DA:620,0
DA:621,0
DA:622,0
DA:623,0
DA:624,0
DA:625,0
DA:627,0
DA:628,0
DA:629,0
DA:631,0
DA:633,0
DA:634,0
DA:636,0
DA:637,0
DA:640,0
DA:641,0
DA:643,0
DA:650,0
DA:657,0
DA:662,0
DA:668,0
DA:672,0
DA:674,0
DA:676,0
DA:680,0
DA:697,0
DA:699,0
DA:700,0
DA:701,0
DA:702,0
DA:704,0
DA:705,0
DA:709,0
DA:710,0
DA:711,0
DA:712,0
DA:715,0
DA:716,0
DA:717,0
DA:719,0
DA:720,0
DA:724,0
DA:726,0
DA:727,0
DA:728,0
DA:730,0
DA:731,0
DA:736,0
DA:738,0
DA:739,0
DA:740,0
DA:742,0
DA:743,0
DA:749,0
DA:750,0
DA:751,0
DA:753,0
DA:754,0
DA:758,0
DA:760,0
DA:761,0
DA:762,0
DA:763,0
DA:764,0
DA:765,0
DA:766,0
DA:770,0
DA:773,0
DA:774,0
DA:776,0
DA:777,0
DA:779,0
DA:780,0
DA:782,0
DA:783,0
DA:785,0
DA:786,0
DA:788,0
DA:789,0
DA:791,0
DA:792,0
DA:795,0
DA:797,0
DA:798,0
DA:800,0
DA:803,0
DA:805,0
DA:806,0
DA:808,0
DA:810,0
DA:813,0
DA:818,0
DA:822,0
DA:826,0
DA:827,0
DA:828,0
DA:829,0
DA:830,0
DA:831,0
DA:832,0
DA:837,0
DA:838,0
DA:839,0
DA:841,0
DA:842,0
DA:844,0
DA:845,0
DA:846,0
DA:847,0
DA:848,0
DA:849,0
DA:851,0
DA:853,0
DA:854,0
DA:855,0
DA:857,0
DA:858,0
DA:862,0
DA:863,0
DA:864,0
DA:865,0
DA:867,0
DA:869,0
DA:870,0
DA:874,0
DA:879,0
DA:883,0
DA:884,0
DA:885,0
DA:886,0
DA:887,0
DA:888,0
DA:890,0
DA:891,0
DA:892,0
DA:893,0
DA:895,0
DA:897,0
DA:898,0
DA:902,0
DA:904,0
DA:905,0
DA:906,0
DA:907,0
DA:908,0
DA:910,0
DA:911,0
DA:915,0
DA:919,0
DA:921,0
DA:925,0
DA:926,0
DA:928,0
DA:929,0
DA:930,0
DA:931,0
DA:935,0
DA:936,0
DA:937,0
DA:938,0
DA:939,0
DA:940,0
DA:942,0
DA:943,0
DA:944,0
DA:945,0
DA:946,0
DA:951,0
DA:955,0
DA:956,0
DA:960,0
DA:965,0
DA:966,0
DA:967,0
DA:968,0
DA:969,0
DA:970,0
DA:972,0
DA:973,0
DA:975,0
DA:979,0
DA:980,0
DA:981,0
DA:982,0
DA:983,0
DA:984,0
DA:986,0
DA:988,0
DA:989,0
DA:992,0
DA:997,0
DA:1006,0
DA:1007,0
DA:1008,0
DA:1009,0
DA:1010,0
DA:1012,0
DA:1014,0
DA:1016,0
DA:1017,0
DA:1018,0
DA:1019,0
DA:1020,0
DA:1022,0
DA:1025,0
DA:1027,0
DA:1028,0
DA:1029,0
DA:1030,0
DA:1034,0
DA:1035,0
DA:1037,0
DA:1038,0
DA:1040,0
DA:1045,0
DA:1047,0
DA:1048,0
DA:1052,0
DA:1055,0
DA:1056,0
DA:1058,0
DA:1059,0
DA:1063,0
DA:1081,0
DA:1082,0
DA:1085,0
DA:1086,0
DA:1088,0
DA:1091,0
DA:1092,0
DA:1094,0
DA:1095,0
DA:1096,0
DA:1098,0
DA:1100,0
DA:1101,0
DA:1102,0
DA:1104,0
DA:1106,0
DA:1108,0
DA:1109,0
DA:1110,0
DA:1111,0
DA:1112,0
DA:1113,0
DA:1115,0
DA:1117,0
DA:1118,0
DA:1121,0
DA:1126,0
DA:1131,0
DA:1134,0
DA:1135,0
DA:1137,0
DA:1138,0
DA:1140,0
DA:1141,0
DA:1142,0
DA:1143,0
DA:1144,0
DA:1145,0
DA:1147,0
DA:1149,0
DA:1150,0
DA:1152,0
DA:1153,0
DA:1157,0
DA:1158,0
DA:1159,0
DA:1160,0
DA:1161,0
DA:1162,0
DA:1165,0
DA:1168,0
DA:1170,0
DA:1173,0
DA:1178,0
DA:1187,0
DA:1189,0
DA:1190,0
DA:1191,0
DA:1192,0
DA:1193,0
DA:1195,0
DA:1196,0
DA:1198,0
DA:1199,0
DA:1201,0
DA:1202,0
DA:1205,0
DA:1206,0
DA:1207,0
DA:1208,0
DA:1209,0
DA:1211,0
DA:1213,0
DA:1215,0
DA:1216,0
DA:1217,0
DA:1218,0
DA:1222,0
DA:1223,0
DA:1224,0
DA:1225,0
DA:1227,0
DA:1228,0
DA:1230,0
DA:1231,0
DA:1233,0
DA:1234,0
DA:1237,0
DA:1238,0
DA:1239,0
DA:1240,0
DA:1241,0
DA:1242,0
DA:1247,0
DA:1249,0
DA:1250,0
DA:1253,0
DA:1254,0
DA:1255,0
DA:1256,0
DA:1257,0
DA:1258,0
DA:1259,0
DA:1260,0
DA:1261,0
DA:1263,0
DA:1264,0
DA:1265,0
DA:1266,0
DA:1267,0
DA:1272,0
DA:1273,0
DA:1277,0
DA:1282,0
DA:1284,0
DA:1285,0
DA:1286,0
DA:1287,0
DA:1291,0
DA:1292,0
DA:1293,0
DA:1294,0
DA:1295,0
DA:1297,0
DA:1299,0
DA:1301,0
DA:1302,0
DA:1303,0
DA:1304,0
DA:1307,0
DA:1308,0
DA:1310,0
DA:1311,0
DA:1316,0
DA:1319,0
DA:1321,0
DA:1322,0
DA:1326,0
DA:1335,0
DA:1336,0
DA:1337,0
DA:1338,0
DA:1339,0
DA:1340,0
DA:1342,0
DA:1343,0
DA:1347,0
DA:1348,0
DA:1351,0
DA:1355,0
DA:1358,0
DA:1361,0
DA:1366,0
DA:1368,0
DA:1370,0
DA:1371,0
DA:1372,0
DA:1373,0
DA:1374,0
DA:1375,0
DA:1376,0
DA:1377,0
DA:1380,0
DA:1381,0
DA:1386,0
DA:1388,0
DA:1390,0
DA:1393,0
DA:1402,0
DA:1403,0
DA:1404,0
DA:1405,0
DA:1406,0
DA:1407,0
DA:1409,0
DA:1410,0
DA:1411,0
DA:1413,0
DA:1414,0
DA:1416,0
DA:1417,0
DA:1425,0
DA:1430,0
DA:1432,0
DA:1433,0
DA:1434,0
DA:1435,0
DA:1436,0
DA:1438,0
DA:1439,0
DA:1440,0
DA:1442,0
DA:1444,0
DA:1445,0
DA:1449,0
DA:1451,0
DA:1452,0
DA:1455,0
DA:1460,0
DA:1470,0
DA:1471,0
DA:1474,0
DA:1475,0
DA:1476,0
DA:1477,0
DA:1479,0
DA:1480,0
DA:1481,0
DA:1482,0
DA:1483,0
DA:1484,0
DA:1485,0
DA:1486,0
DA:1488,0
DA:1489,0
DA:1492,0
DA:1497,0
DA:1504,0
DA:1505,0
DA:1506,0
DA:1508,0
DA:1509,0
DA:1511,0
DA:1512,0
DA:1514,0
DA:1515,0
DA:1518,0
DA:1519,0
DA:1520,0
DA:1521,0
DA:1523,0
DA:1525,0
DA:1526,0
DA:1527,0
DA:1528,0
DA:1529,0
DA:1530,0
DA:1531,0
DA:1536,0
DA:1537,0
DA:1541,0
DA:1542,0
DA:1543,0
DA:1544,0
DA:1545,0
DA:1546,0
DA:1547,0
DA:1549,0
DA:1550,0
DA:1551,0
DA:1552,0
DA:1553,0
DA:1554,0
DA:1555,0
DA:1556,0
DA:1557,0
DA:1558,0
DA:1559,0
DA:1561,0
DA:1562,0
DA:1565,0
DA:1567,0
LF:780
LH:0
end_of_record
SF:lib\Admin\Logica\filiales_service.dart
DA:4,0
DA:5,0
DA:6,0
DA:115,0
DA:117,0
DA:123,0
DA:124,0
DA:125,0
DA:126,0
DA:128,0
DA:129,0
DA:134,0
DA:137,0
DA:140,0
DA:141,0
DA:142,0
DA:145,0
DA:146,0
DA:147,0
DA:148,0
DA:149,0
DA:151,0
DA:154,0
DA:156,0
DA:157,0
DA:158,0
DA:160,0
DA:162,0
DA:163,0
DA:165,0
DA:167,0
DA:169,0
DA:172,0
DA:173,0
DA:174,0
DA:176,0
DA:178,0
DA:181,0
DA:182,0
DA:183,0
DA:191,0
DA:192,0
DA:193,0
DA:197,0
DA:200,0
DA:208,0
DA:215,0
DA:216,0
DA:217,0
DA:220,0
DA:223,0
DA:226,0
DA:228,0
DA:229,0
DA:230,0
DA:232,0
DA:233,0
DA:234,0
DA:235,0
DA:239,0
DA:240,0
DA:241,0
DA:242,0
DA:243,0
DA:245,0
DA:246,0
DA:247,0
DA:250,0
DA:251,0
DA:252,0
DA:253,0
DA:254,0
DA:255,0
DA:256,0
DA:257,0
DA:259,0
DA:260,0
DA:261,0
DA:263,0
DA:265,0
DA:266,0
DA:267,0
DA:275,0
DA:277,0
DA:280,0
DA:281,0
DA:288,0
DA:295,0
DA:296,0
DA:301,0
DA:302,0
DA:303,0
DA:304,0
DA:305,0
DA:306,0
DA:307,0
DA:308,0
DA:309,0
DA:311,0
DA:312,0
DA:317,0
DA:318,0
DA:319,0
DA:320,0
DA:321,0
DA:322,0
DA:323,0
DA:324,0
DA:325,0
DA:328,0
DA:331,0
DA:335,0
DA:343,0
DA:349,0
DA:350,0
DA:351,0
DA:352,0
DA:353,0
DA:354,0
DA:355,0
DA:356,0
DA:358,0
DA:361,0
DA:365,0
DA:374,0
DA:375,0
DA:376,0
DA:379,0
DA:380,0
DA:381,0
DA:384,0
DA:385,0
DA:386,0
DA:387,0
DA:388,0
DA:391,0
DA:395,0
DA:396,0
DA:397,0
DA:399,0
DA:400,0
DA:401,0
DA:403,0
DA:406,0
DA:409,0
DA:410,0
DA:411,0
DA:413,0
DA:414,0
DA:416,0
DA:417,0
DA:418,0
DA:420,0
DA:429,0
DA:432,0
DA:438,0
DA:440,0
DA:446,0
DA:448,0
DA:449,0
DA:450,0
DA:451,0
DA:454,0
DA:455,0
DA:458,0
DA:459,0
LF:166
LH:0
end_of_record
SF:lib\device_helper.dart
DA:6,0
DA:7,0
DA:9,0
DA:10,0
DA:11,0
DA:12,0
DA:13,0
DA:14,0
DA:17,0
LF:9
LH:0
end_of_record
SF:lib\Usuarios\Logica\perfil.dart
DA:12,1
DA:14,1
DA:16,1
DA:17,1
DA:18,1
DA:21,1
DA:22,2
DA:23,0
DA:26,1
DA:28,1
DA:31,2
DA:33,1
DA:34,1
DA:39,1
DA:40,3
DA:41,3
DA:42,1
DA:43,1
DA:48,1
DA:49,3
DA:50,1
LF:21
LH:20
end_of_record
